<?xml version="1.0" encoding="UTF-8"?>
<!-- Generated by org.testng.reporters.JUnitReportReporter -->
<testsuite hostname="kalyansai" name="GmailTest" tests="2" failures="0" timestamp="13 Jun 2016 05:51:18 GMT" time="0.031" errors="0">
  <testcase name="testSendingMail" time="0.016" classname="GmailTest"/>
  <testcase name="testRecieveMail" time="0.015" classname="GmailTest"/>
</testsuite> <!-- GmailTest -->
